<?xml version="1.0" encoding="UTF-8"?>
<testng-results skipped="0" failed="0" total="1" passed="1">
  <reporter-output>
  </reporter-output>
  <suite name="ua.pp.krotov.TestIntegration" duration-ms="27531" started-at="2016-10-12T12:55:18Z" finished-at="2016-10-12T12:55:46Z">
    <groups>
    </groups>
    <test name="Command line test" duration-ms="27531" started-at="2016-10-12T12:55:18Z" finished-at="2016-10-12T12:55:46Z">
      <class name="ua.pp.krotov.TestIntegration">
        <test-method status="PASS" signature="setUp()[pri:0, instance:ua.pp.krotov.TestIntegration@2c6a3f77]" name="setUp" is-config="true" duration-ms="20353" started-at="2016-10-12T15:55:18Z" finished-at="2016-10-12T15:55:39Z">
          <reporter-output>
          </reporter-output>
        </test-method> <!-- setUp -->
        <test-method status="PASS" signature="gotoSeleniumWikiPage()[pri:0, instance:ua.pp.krotov.TestIntegration@2c6a3f77]" name="gotoSeleniumWikiPage" duration-ms="5859" started-at="2016-10-12T15:55:39Z" finished-at="2016-10-12T15:55:45Z">
          <reporter-output>
          </reporter-output>
        </test-method> <!-- gotoSeleniumWikiPage -->
        <test-method status="PASS" signature="tearDown()[pri:0, instance:ua.pp.krotov.TestIntegration@2c6a3f77]" name="tearDown" is-config="true" duration-ms="1300" started-at="2016-10-12T15:55:45Z" finished-at="2016-10-12T15:55:46Z">
          <reporter-output>
          </reporter-output>
        </test-method> <!-- tearDown -->
      </class> <!-- ua.pp.krotov.TestIntegration -->
    </test> <!-- Command line test -->
  </suite> <!-- ua.pp.krotov.TestIntegration -->
</testng-results>
